2025-06-24 13:35:00,914 [INFO] Activator:176 - 


2025-06-24 13:35:00,916 [INFO] Activator:177 - !SESSION log4j initialized
2025-06-24 13:35:02,983 [INFO] LogOutputStream:77 - [STDOUT_REDIRECT] 
2025-06-24 13:35:04,534 [INFO] ApplicationProperties:184 - Using Application install path: C:\ST\STM32CubeIDE_1.18.1\STM32CubeIDE\plugins\com.st.stm32cube.common.mx_6.14.1.202504091515
2025-06-24 13:35:04,546 [INFO] DbMcusXml:78 - Set database path to: C:\ST\STM32CubeIDE_1.18.1\STM32CubeIDE\plugins\com.st.stm32cube.common.mx_6.14.1.202504091515\\db\/mcu/
2025-06-24 13:35:04,546 [INFO] ApiDb:274 - Set plugin database path to: C:\ST\STM32CubeIDE_1.18.1\STM32CubeIDE\plugins\com.st.stm32cube.common.mx_6.14.1.202504091515\\db\/plugins/boardmanager/
2025-06-24 13:35:04,548 [WARN] ApiDb:259 - Overriding images path with different value:  => C:\ST\STM32CubeIDE_1.18.1\STM32CubeIDE\plugins\com.st.stm32cube.common.mx_6.14.1.202504091515\\db\/plugins/mcufinder/images/
2025-06-24 13:35:04,551 [INFO] ApiDb:250 - Set database path to: C:\Users\lcatarci\.stmcufinder\plugins\mcufinder//mcu/
2025-06-24 13:35:04,552 [INFO] DbMcusAds:125 - Set database path to: C:\Users\lcatarci\.stmcufinder\plugins\mcufinder//mcu/
2025-06-24 13:35:04,554 [INFO] CrossReferenceDbSqlite:203 - Set database path to: C:\Users\lcatarci\.stmcufinder\plugins\mcufinder//mcu/cs/
2025-06-24 13:35:04,644 [INFO] RulesReader:64 - Compatibility file has been processed (302 Rules)
2025-06-24 13:35:04,703 [INFO] DbMcusXml:78 - Set database path to: C:\ST\STM32CubeIDE_1.18.1\STM32CubeIDE\plugins\com.st.stm32cube.common.mx_6.14.1.202504091515\\db\/mcu/
2025-06-24 13:35:04,703 [INFO] ApiDb:274 - Set plugin database path to: C:\ST\STM32CubeIDE_1.18.1\STM32CubeIDE\plugins\com.st.stm32cube.common.mx_6.14.1.202504091515\\db\/plugins/boardmanager/
2025-06-24 13:35:04,703 [INFO] ApiDb:261 - Set plugin images path to: C:\ST\STM32CubeIDE_1.18.1\STM32CubeIDE\plugins\com.st.stm32cube.common.mx_6.14.1.202504091515\\db\/plugins/mcufinder/images/
2025-06-24 13:35:04,703 [WARN] DbFile:41 - Overriding database path with different value: C:\Users\lcatarci\.stmcufinder\plugins\mcufinder/ => C:\Users\lcatarci\.stmcufinder\plugins\mcufinder
2025-06-24 13:35:04,704 [INFO] ApiDb:250 - Set database path to: C:\Users\lcatarci\.stmcufinder\plugins\mcufinder//mcu/
2025-06-24 13:35:04,704 [WARN] DbFile:41 - Overriding database path with different value: C:\Users\lcatarci\.stmcufinder\plugins\mcufinder/ => C:\Users\lcatarci\.stmcufinder\plugins\mcufinder
2025-06-24 13:35:04,704 [INFO] DbMcusAds:125 - Set database path to: C:\Users\lcatarci\.stmcufinder\plugins\mcufinder//mcu/
2025-06-24 13:35:04,704 [WARN] DbFile:41 - Overriding database path with different value: C:\Users\lcatarci\.stmcufinder\plugins\mcufinder/ => C:\Users\lcatarci\.stmcufinder\plugins\mcufinder
2025-06-24 13:35:04,704 [WARN] DbFile:41 - Overriding database path with different value: C:\Users\lcatarci\.stmcufinder\plugins\mcufinder/ => C:\Users\lcatarci\.stmcufinder\plugins\mcufinder
2025-06-24 13:35:04,704 [INFO] CrossReferenceDbSqlite:203 - Set database path to: C:\Users\lcatarci\.stmcufinder\plugins\mcufinder//mcu/cs/
2025-06-24 13:35:04,761 [INFO] MainPanel:272 - HeapMemory: 268435456
2025-06-24 13:35:04,828 [INFO] DbMcusXml:78 - Set database path to: C:\ST\STM32CubeIDE_1.18.1\STM32CubeIDE\plugins\com.st.stm32cube.common.mx_6.14.1.202504091515\\db\/mcu/
2025-06-24 13:35:04,828 [INFO] ApiDb:274 - Set plugin database path to: C:\ST\STM32CubeIDE_1.18.1\STM32CubeIDE\plugins\com.st.stm32cube.common.mx_6.14.1.202504091515\\db\/plugins/boardmanager/
2025-06-24 13:35:04,828 [INFO] ApiDb:261 - Set plugin images path to: C:\ST\STM32CubeIDE_1.18.1\STM32CubeIDE\plugins\com.st.stm32cube.common.mx_6.14.1.202504091515\\db\/plugins/mcufinder/images/
2025-06-24 13:35:04,828 [WARN] DbFile:41 - Overriding database path with different value: C:\Users\lcatarci\.stmcufinder\plugins\mcufinder/ => C:\Users\lcatarci\.stmcufinder\plugins\mcufinder
2025-06-24 13:35:04,828 [INFO] ApiDb:250 - Set database path to: C:\Users\lcatarci\.stmcufinder\plugins\mcufinder//mcu/
2025-06-24 13:35:04,828 [WARN] DbFile:41 - Overriding database path with different value: C:\Users\lcatarci\.stmcufinder\plugins\mcufinder/ => C:\Users\lcatarci\.stmcufinder\plugins\mcufinder
2025-06-24 13:35:04,828 [INFO] DbMcusAds:125 - Set database path to: C:\Users\lcatarci\.stmcufinder\plugins\mcufinder//mcu/
2025-06-24 13:35:04,828 [WARN] DbFile:41 - Overriding database path with different value: C:\Users\lcatarci\.stmcufinder\plugins\mcufinder/ => C:\Users\lcatarci\.stmcufinder\plugins\mcufinder
2025-06-24 13:35:04,828 [WARN] DbFile:41 - Overriding database path with different value: C:\Users\lcatarci\.stmcufinder\plugins\mcufinder/ => C:\Users\lcatarci\.stmcufinder\plugins\mcufinder
2025-06-24 13:35:04,829 [INFO] CrossReferenceDbSqlite:203 - Set database path to: C:\Users\lcatarci\.stmcufinder\plugins\mcufinder//mcu/cs/
2025-06-24 13:35:04,843 [INFO] ApplicationProperties:184 - Using Application install path: C:\ST\STM32CubeIDE_1.18.1\STM32CubeIDE\plugins\com.st.stm32cube.common.mx_6.14.1.202504091515
2025-06-24 13:35:04,844 [INFO] PluginManage:196 - Search for loadable plugins [exclusion list=, ]
2025-06-24 13:35:04,845 [INFO] PluginManage:310 - Check plugin analytics
2025-06-24 13:35:04,991 [INFO] AnalyticsPlugin:253 - Accepted Software Licenses: STM32CubeMX.6.14.1
2025-06-24 13:35:04,991 [INFO] AnalyticsPlugin:255 - Accepted CMSIS Pack Licenses: 
2025-06-24 13:35:04,991 [INFO] AnalyticsPlugin:257 - Accepted Firmware Licenses: FW.G0.1.6.0
2025-06-24 13:35:04,994 [INFO] PluginManage:359 - Loaded plugin analytics (category:tool,tabindex:-1)
2025-06-24 13:35:04,994 [INFO] PluginManage:310 - Check plugin cadmodel
2025-06-24 13:35:04,998 [INFO] CADModel:105 - Init CAD model plugin
2025-06-24 13:35:05,000 [INFO] PluginManage:359 - Loaded plugin cadmodel (category:power,tabindex:5)
2025-06-24 13:35:05,000 [INFO] PluginManage:310 - Check plugin clock
2025-06-24 13:35:05,007 [INFO] PluginManage:359 - Loaded plugin clock (category:base,tabindex:2)
2025-06-24 13:35:05,007 [INFO] PluginManage:310 - Check plugin ddr
2025-06-24 13:35:05,008 [INFO] PluginManage:359 - Loaded plugin ddr (category:tool,tabindex:6)
2025-06-24 13:35:05,008 [INFO] PluginManage:310 - Check plugin filemanager
2025-06-24 13:35:05,181 [INFO] PluginManage:359 - Loaded plugin filemanager (category:base,tabindex:10)
2025-06-24 13:35:05,182 [INFO] PluginManage:310 - Check plugin ipmanager
2025-06-24 13:35:05,188 [INFO] PluginManage:359 - Loaded plugin ipmanager (category:base,tabindex:5)
2025-06-24 13:35:05,188 [INFO] PluginManage:310 - Check plugin lpbam
2025-06-24 13:35:05,194 [INFO] PluginManage:359 - Loaded plugin lpbam (category:base,tabindex:0)
2025-06-24 13:35:05,194 [INFO] PluginManage:310 - Check plugin memorymap
2025-06-24 13:35:05,202 [INFO] PluginManage:359 - Loaded plugin memorymap (category:base,tabindex:4)
2025-06-24 13:35:05,202 [INFO] PluginManage:310 - Check plugin pinoutandconfiguration
2025-06-24 13:35:05,208 [INFO] PluginManage:359 - Loaded plugin pinoutandconfiguration (category:base,tabindex:1)
2025-06-24 13:35:05,208 [INFO] PluginManage:310 - Check plugin pinoutconfig
2025-06-24 13:35:05,270 [WARN] SupportedApi:132 - Cannot load RTOS API schema: s4s-elt-must-match.1: The content of 'definitions' must match (annotation?, (simpleType | complexType)?, (unique | key | keyref)*)). A problem was found starting at: attribute.
2025-06-24 13:35:05,363 [INFO] PluginManage:359 - Loaded plugin pinoutconfig (category:base,tabindex:0)
2025-06-24 13:35:05,363 [INFO] PluginManage:310 - Check plugin power
2025-06-24 13:35:05,369 [INFO] PluginManage:359 - Loaded plugin power (category:power,tabindex:4)
2025-06-24 13:35:05,369 [INFO] PluginManage:310 - Check plugin projectmanager
2025-06-24 13:35:05,384 [INFO] PluginManage:359 - Loaded plugin projectmanager (category:projectmanager,tabindex:4)
2025-06-24 13:35:05,384 [INFO] PluginManage:310 - Check plugin rif
2025-06-24 13:35:05,389 [INFO] PluginManage:359 - Loaded plugin rif (category:base,tabindex:3)
2025-06-24 13:35:05,389 [INFO] PluginManage:310 - Check plugin thirdparty
2025-06-24 13:35:05,487 [INFO] PluginManage:359 - Loaded plugin thirdparty (category:base,tabindex:-1)
2025-06-24 13:35:05,487 [INFO] PluginManage:310 - Check plugin tools
2025-06-24 13:35:05,487 [WARN] IntegrityCheckThread:84 - waiting for thirdparty lock release [integrity check]
2025-06-24 13:35:05,487 [INFO] IntegrityCheckThread:86 - entering critical section [integrity check]
2025-06-24 13:35:05,488 [INFO] ThirdPartyUpdaterWithRetryManager:70 - Updater plugin not ready yet. [1/15]
2025-06-24 13:35:05,489 [INFO] PluginManage:359 - Loaded plugin tools (category:base,tabindex:7)
2025-06-24 13:35:05,489 [INFO] PluginManage:310 - Check plugin tutovideos
2025-06-24 13:35:05,601 [INFO] PluginManage:359 - Loaded plugin tutovideos (category:base,tabindex:-1)
2025-06-24 13:35:05,601 [INFO] PluginManage:310 - Check plugin updater
2025-06-24 13:35:05,617 [INFO] PluginManage:359 - Loaded plugin updater (category:base,tabindex:12)
2025-06-24 13:35:05,617 [INFO] PluginManage:310 - Check plugin userauth
2025-06-24 13:35:05,620 [INFO] UserAuth:118 - Init User Auth plugin
2025-06-24 13:35:05,620 [INFO] PluginManage:359 - Loaded plugin userauth (category:base,tabindex:14)
2025-06-24 13:35:05,621 [INFO] PluginManage:283 - PluginManage : Loaded plugins [18]
2025-06-24 13:35:05,797 [INFO] PinOutPanel:1589 - setPackage(No Configuration,No Configuration)
2025-06-24 13:35:05,865 [INFO] CADModel:165 - CPN selected for project level
2025-06-24 13:35:05,866 [INFO] CADModel:114 - Register for checkConnection events
2025-06-24 13:35:05,876 [INFO] IPUIPlugin:80 - create IPUIPlugin
2025-06-24 13:35:05,876 [INFO] PluginManager:220 - loadIPPluginJar : add adc
2025-06-24 13:35:05,879 [INFO] IPUIPlugin:80 - create IPUIPlugin
2025-06-24 13:35:05,879 [INFO] PluginManager:220 - loadIPPluginJar : add aes
2025-06-24 13:35:05,880 [INFO] IPUIPlugin:80 - create IPUIPlugin
2025-06-24 13:35:05,881 [INFO] PluginManager:220 - loadIPPluginJar : add can
2025-06-24 13:35:05,882 [INFO] IPUIPlugin:80 - create IPUIPlugin
2025-06-24 13:35:05,882 [INFO] PluginManager:220 - loadIPPluginJar : add comp
2025-06-24 13:35:05,883 [INFO] IPUIPlugin:80 - create IPUIPlugin
2025-06-24 13:35:05,883 [INFO] PluginManager:220 - loadIPPluginJar : add cryp
2025-06-24 13:35:05,885 [INFO] IPUIPlugin:80 - create IPUIPlugin
2025-06-24 13:35:05,885 [INFO] PluginManager:220 - loadIPPluginJar : add ddr_ctrl_phy
2025-06-24 13:35:05,888 [INFO] IPUIPlugin:80 - create IPUIPlugin
2025-06-24 13:35:05,888 [INFO] PluginManager:220 - loadIPPluginJar : add dfsdm
2025-06-24 13:35:05,892 [INFO] IPUIPlugin:80 - create IPUIPlugin
2025-06-24 13:35:05,893 [INFO] PluginManager:220 - loadIPPluginJar : add dma
2025-06-24 13:35:05,894 [INFO] IPUIPlugin:80 - create IPUIPlugin
2025-06-24 13:35:05,894 [INFO] PluginManager:220 - loadIPPluginJar : add dma3
2025-06-24 13:35:05,897 [INFO] IPUIPlugin:80 - create IPUIPlugin
2025-06-24 13:35:05,897 [INFO] PluginManager:220 - loadIPPluginJar : add extmemmanager
2025-06-24 13:35:05,898 [INFO] IPUIPlugin:80 - create IPUIPlugin
2025-06-24 13:35:05,898 [INFO] PluginManager:220 - loadIPPluginJar : add fatfs
2025-06-24 13:35:05,902 [INFO] IPUIPlugin:80 - create IPUIPlugin
2025-06-24 13:35:05,902 [INFO] PluginManager:220 - loadIPPluginJar : add fmc
2025-06-24 13:35:05,905 [INFO] IPUIPlugin:80 - create IPUIPlugin
2025-06-24 13:35:05,907 [INFO] PluginManager:220 - loadIPPluginJar : add freertos
2025-06-24 13:35:05,907 [INFO] IPUIPlugin:80 - create IPUIPlugin
2025-06-24 13:35:05,907 [INFO] PluginManager:220 - loadIPPluginJar : add genericplugin
2025-06-24 13:35:05,909 [INFO] IPUIPlugin:80 - create IPUIPlugin
2025-06-24 13:35:05,909 [INFO] PluginManager:220 - loadIPPluginJar : add gfxmmu
2025-06-24 13:35:05,912 [INFO] IPUIPlugin:80 - create IPUIPlugin
2025-06-24 13:35:05,912 [INFO] PluginManager:220 - loadIPPluginJar : add gic
2025-06-24 13:35:05,915 [INFO] IPUIPlugin:80 - create IPUIPlugin
2025-06-24 13:35:05,915 [INFO] PluginManager:220 - loadIPPluginJar : add gpio
2025-06-24 13:35:05,918 [INFO] IPUIPlugin:80 - create IPUIPlugin
2025-06-24 13:35:05,918 [INFO] PluginManager:220 - loadIPPluginJar : add gtzc
2025-06-24 13:35:05,919 [INFO] IPUIPlugin:80 - create IPUIPlugin
2025-06-24 13:35:05,919 [INFO] PluginManager:220 - loadIPPluginJar : add hash
2025-06-24 13:35:05,920 [INFO] IPUIPlugin:80 - create IPUIPlugin
2025-06-24 13:35:05,921 [INFO] PluginManager:220 - loadIPPluginJar : add i2c
2025-06-24 13:35:05,922 [INFO] IPUIPlugin:80 - create IPUIPlugin
2025-06-24 13:35:05,922 [INFO] PluginManager:220 - loadIPPluginJar : add i2s
2025-06-24 13:35:05,923 [INFO] IPUIPlugin:80 - create IPUIPlugin
2025-06-24 13:35:05,924 [INFO] PluginManager:220 - loadIPPluginJar : add i3c
2025-06-24 13:35:05,927 [INFO] IPUIPlugin:80 - create IPUIPlugin
2025-06-24 13:35:05,927 [INFO] PluginManager:220 - loadIPPluginJar : add ipddr
2025-06-24 13:35:05,931 [INFO] IPUIPlugin:80 - create IPUIPlugin
2025-06-24 13:35:05,931 [INFO] PluginManager:220 - loadIPPluginJar : add linkedlist
2025-06-24 13:35:05,933 [INFO] IPUIPlugin:80 - create IPUIPlugin
2025-06-24 13:35:05,933 [INFO] PluginManager:220 - loadIPPluginJar : add lorawan
2025-06-24 13:35:05,934 [INFO] IPUIPlugin:80 - create IPUIPlugin
2025-06-24 13:35:05,934 [INFO] PluginManager:220 - loadIPPluginJar : add ltdc
2025-06-24 13:35:05,938 [INFO] IPUIPlugin:80 - create IPUIPlugin
2025-06-24 13:35:05,938 [INFO] PluginManager:220 - loadIPPluginJar : add mdma
2025-06-24 13:35:05,941 [INFO] IPUIPlugin:80 - create IPUIPlugin
2025-06-24 13:35:05,941 [INFO] PluginManager:220 - loadIPPluginJar : add nvic
2025-06-24 13:35:05,943 [INFO] IPUIPlugin:80 - create IPUIPlugin
2025-06-24 13:35:05,943 [INFO] PluginManager:220 - loadIPPluginJar : add opamp
2025-06-24 13:35:05,945 [INFO] IPUIPlugin:80 - create IPUIPlugin
2025-06-24 13:35:05,945 [INFO] PluginManager:220 - loadIPPluginJar : add openamp
2025-06-24 13:35:05,947 [INFO] IPUIPlugin:80 - create IPUIPlugin
2025-06-24 13:35:05,948 [INFO] PluginManager:220 - loadIPPluginJar : add pdm2pcm
2025-06-24 13:35:05,952 [INFO] IPUIPlugin:80 - create IPUIPlugin
2025-06-24 13:35:05,954 [INFO] PluginManager:220 - loadIPPluginJar : add plateformsettings
2025-06-24 13:35:05,955 [INFO] IPUIPlugin:80 - create IPUIPlugin
2025-06-24 13:35:05,955 [INFO] PluginManager:220 - loadIPPluginJar : add quadspi
2025-06-24 13:35:05,957 [INFO] IPUIPlugin:80 - create IPUIPlugin
2025-06-24 13:35:05,958 [INFO] PluginManager:220 - loadIPPluginJar : add radio
2025-06-24 13:35:05,959 [INFO] IPUIPlugin:80 - create IPUIPlugin
2025-06-24 13:35:05,959 [INFO] PluginManager:220 - loadIPPluginJar : add resmgrutility
2025-06-24 13:35:05,961 [INFO] IPUIPlugin:80 - create IPUIPlugin
2025-06-24 13:35:05,961 [INFO] PluginManager:220 - loadIPPluginJar : add sai
2025-06-24 13:35:05,962 [INFO] IPUIPlugin:80 - create IPUIPlugin
2025-06-24 13:35:05,962 [INFO] PluginManager:220 - loadIPPluginJar : add spi
2025-06-24 13:35:05,966 [INFO] IPUIPlugin:80 - create IPUIPlugin
2025-06-24 13:35:05,967 [INFO] PluginManager:220 - loadIPPluginJar : add stm32_wpan
2025-06-24 13:35:05,968 [INFO] IPUIPlugin:80 - create IPUIPlugin
2025-06-24 13:35:05,968 [INFO] PluginManager:220 - loadIPPluginJar : add tim
2025-06-24 13:35:05,969 [INFO] IPUIPlugin:80 - create IPUIPlugin
2025-06-24 13:35:05,970 [INFO] PluginManager:220 - loadIPPluginJar : add touchsensing
2025-06-24 13:35:05,970 [INFO] IPUIPlugin:80 - create IPUIPlugin
2025-06-24 13:35:05,970 [INFO] PluginManager:220 - loadIPPluginJar : add tracer_emb
2025-06-24 13:35:05,972 [INFO] IPUIPlugin:80 - create IPUIPlugin
2025-06-24 13:35:05,972 [INFO] PluginManager:220 - loadIPPluginJar : add ts
2025-06-24 13:35:05,973 [INFO] IPUIPlugin:80 - create IPUIPlugin
2025-06-24 13:35:05,973 [INFO] PluginManager:220 - loadIPPluginJar : add tsc
2025-06-24 13:35:05,974 [INFO] IPUIPlugin:80 - create IPUIPlugin
2025-06-24 13:35:05,974 [INFO] PluginManager:220 - loadIPPluginJar : add ucpd
2025-06-24 13:35:05,976 [INFO] IPUIPlugin:80 - create IPUIPlugin
2025-06-24 13:35:05,976 [INFO] PluginManager:220 - loadIPPluginJar : add usart
2025-06-24 13:35:05,978 [INFO] IPUIPlugin:80 - create IPUIPlugin
2025-06-24 13:35:05,978 [INFO] PluginManager:220 - loadIPPluginJar : add usbx
2025-06-24 13:35:06,096 [FATAL] Updater:351 - Updater called before beeing initialized
2025-06-24 13:35:06,114 [INFO] RulesReader:64 - Compatibility file has been processed (302 Rules)
2025-06-24 13:35:06,122 [INFO] RulesReader:64 - Compatibility file has been processed (302 Rules)
2025-06-24 13:35:06,127 [INFO] CADModel:165 - CPN selected for project level
2025-06-24 13:35:06,127 [INFO] CADModel:114 - Register for checkConnection events
2025-06-24 13:35:06,127 [FATAL] Updater:351 - Updater called before beeing initialized
2025-06-24 13:35:06,127 [ERROR] CADModel:125 - Updater not yet initialized, retry later 
2025-06-24 13:35:06,244 [FATAL] Updater:351 - Updater called before beeing initialized
2025-06-24 13:35:06,245 [INFO] CADModel:165 - CPN selected for project level
2025-06-24 13:35:06,245 [INFO] CADModel:114 - Register for checkConnection events
2025-06-24 13:35:06,245 [FATAL] Updater:351 - Updater called before beeing initialized
2025-06-24 13:35:06,245 [ERROR] CADModel:125 - Updater not yet initialized, retry later 
2025-06-24 13:35:06,247 [FATAL] Updater:351 - Updater called before beeing initialized
2025-06-24 13:35:06,327 [FATAL] Updater:351 - Updater called before beeing initialized
2025-06-24 13:35:06,331 [INFO] DbMcusAds:53 - JSON generation date=Thu Jun 19 10:32:34 CEST 2025 (1750321954415)
2025-06-24 13:35:06,331 [FATAL] Updater:351 - Updater called before beeing initialized
2025-06-24 13:35:06,362 [WARN] DetailPanel:346 - Failed to get advertising image, set to default
2025-06-24 13:35:06,560 [FATAL] Updater:351 - Updater called before beeing initialized
2025-06-24 13:35:06,561 [FATAL] Updater:351 - Updater called before beeing initialized
2025-06-24 13:35:06,561 [FATAL] Updater:351 - Updater called before beeing initialized
2025-06-24 13:35:06,561 [WARN] DetailPanel:346 - Failed to get advertising image, set to default
2025-06-24 13:35:06,561 [FATAL] Updater:351 - Updater called before beeing initialized
2025-06-24 13:35:06,602 [ERROR] Updater:1198 - MainUpdater not yet initialized. External WinMGr cannot be set.
2025-06-24 13:35:06,604 [INFO] Updater:1134 - Updater Version found : 6.14.1
2025-06-24 13:35:06,615 [INFO] ApplicationProperties:184 - Using Application install path: C:\ST\STM32CubeIDE_1.18.1\STM32CubeIDE\plugins\com.st.stm32cube.common.mx_6.14.1.202504091515
2025-06-24 13:35:08,180 [ERROR] LogOutputStream:75 - [STDERR_REDIRECT] Jun 24, 2025 1:35:08 PM java.util.prefs.WindowsPreferences <init>
2025-06-24 13:35:08,181 [ERROR] LogOutputStream:75 - [STDERR_REDIRECT] WARNING: Could not open/create prefs root node Software\JavaSoft\Prefs at root 0xffffffff80000002. Windows RegCreateKeyEx(...) returned error code 5.
2025-06-24 13:35:08,181 [ERROR] LogOutputStream:75 - [STDERR_REDIRECT] 
2025-06-24 13:35:08,357 [INFO] MainUpdater:2872 - connection check result : 10
2025-06-24 13:35:08,357 [INFO] MainUpdater:289 - Updater Check For Update Now.
2025-06-24 13:35:08,358 [INFO] MicroXplorer:498 - Change Database Version : DB.6.0.141
2025-06-24 13:35:08,362 [INFO] McuFinderGlobals:63 - Set McuFinder mode to 2 (CubeIDE integrated)
2025-06-24 13:35:08,362 [INFO] UserAuth:484 - Internet connection configuration mode: 1
2025-06-24 13:35:08,376 [INFO] JxBrowserEngine:152 - Initiate JxBrowser Engine with user profile folder
2025-06-24 13:35:08,489 [WARN] MainUpdater:1193 - Updater busy. Cannot search thirdparties
2025-06-24 13:35:08,489 [INFO] ThirdPartyUpdaterWithRetryManager:96 - Updater plugin is busy. [1/15]
2025-06-24 13:35:08,530 [INFO] CheckServerUpdateThread:120 - End of CheckServer Thread
2025-06-24 13:35:08,858 [INFO] WebApp:169 - Instantiating new browser for Auth
2025-06-24 13:35:09,328 [INFO] WebApp:463 - Apply proxy settings
2025-06-24 13:35:09,328 [INFO] WebApp:548 - Chromium requires no authentication
2025-06-24 13:35:09,334 [INFO] WebApp:491 - Direct internet connection detected
2025-06-24 13:35:09,351 [INFO] WebApp:894 - Register for checkConnection events
2025-06-24 13:35:09,353 [INFO] WebApp:463 - Apply proxy settings
2025-06-24 13:35:09,353 [INFO] WebApp:548 - Chromium requires no authentication
2025-06-24 13:35:09,353 [INFO] WebApp:491 - Direct internet connection detected
2025-06-24 13:35:09,453 [INFO] WebApp:225 - Starting web application
2025-06-24 13:35:09,453 [INFO] WebApp:593 - Web application path used C:\ST\STM32CubeIDE_1.18.1\STM32CubeIDE\plugins\com.st.stm32cube.common.mx_6.14.1.202504091515\db\plugins\mcufinder\reactClient1\index.html
2025-06-24 13:35:09,525 [INFO] UserAuth:484 - Internet connection configuration mode: 1
2025-06-24 13:35:09,572 [INFO] WebApp:191 - Connection restablished
2025-06-24 13:35:11,655 [WARN] PackLoader:240 - Cannot read IP mode file for STMicroelectronics.FP-SNS-MOTENVWB1.1.4.0
2025-06-24 13:35:11,663 [WARN] PackLoader:240 - Cannot read IP mode file for STMicroelectronics.FP-ATR-ASTRA1.2.0.2
2025-06-24 13:35:11,680 [WARN] PackLoader:240 - Cannot read IP mode file for STMicroelectronics.X-CUBE-SMBUS.2.1.0
2025-06-24 13:35:11,685 [WARN] PackLoader:240 - Cannot read IP mode file for STMicroelectronics.X-CUBE-ST60.1.0.0
2025-06-24 13:35:11,711 [WARN] PackLoader:240 - Cannot read IP mode file for STMicroelectronics.X-CUBE-AZRTOS-F7.1.1.0
2025-06-24 13:35:11,737 [WARN] PackLoader:240 - Cannot read IP mode file for Infineon.AIROC-Wi-Fi-Bluetooth-STM32.1.7.0
2025-06-24 13:35:11,749 [WARN] PackLoader:240 - Cannot read IP mode file for STMicroelectronics.X-CUBE-DISPLAY.3.0.0
2025-06-24 13:35:11,759 [WARN] PackLoader:240 - Cannot read IP mode file for STMicroelectronics.X-CUBE-NFC10.1.0.0
2025-06-24 13:35:11,768 [WARN] PackLoader:240 - Cannot read IP mode file for STMicroelectronics.X-CUBE-BLEMGR.4.0.0
2025-06-24 13:35:11,776 [WARN] PackLoader:240 - Cannot read IP mode file for emotas.I-CUBE-CANOPEN.1.3.0
2025-06-24 13:35:11,780 [WARN] ConditionMgr:438 - getConditionDescription Invalid condition id : Cortex-A Device cause : null
2025-06-24 13:35:11,802 [WARN] ConditionMgr:1044 - genDependencies : Invalid condition id : Cortex-A Device cause : null
2025-06-24 13:35:11,802 [WARN] ConditionMgr:1044 - genDependencies : Invalid condition id : Cortex-A Device cause : null
2025-06-24 13:35:11,802 [WARN] ConditionMgr:1044 - genDependencies : Invalid condition id : Cortex-A Device cause : null
2025-06-24 13:35:11,806 [WARN] PackLoader:240 - Cannot read IP mode file for STMicroelectronics.X-CUBE-AI.10.0.0
2025-06-24 13:35:11,810 [WARN] PackLoader:240 - Cannot read IP mode file for STMicroelectronics.FP-SNS-SMARTAG2.1.2.0
2025-06-24 13:35:11,814 [WARN] PackLoader:240 - Cannot read IP mode file for STMicroelectronics.FP-SNS-FLIGHT1.5.1.0
2025-06-24 13:35:11,820 [INFO] LogOutputStream:77 - [STDOUT_REDIRECT] 1 : Invalid condition id : UX_CORESTACK_Condition cause : null
2025-06-24 13:35:11,821 [INFO] LogOutputStream:77 - [STDOUT_REDIRECT] 1 : Invalid condition id : UX_CORESTACK_Condition cause : null
2025-06-24 13:35:11,821 [INFO] LogOutputStream:77 - [STDOUT_REDIRECT] 1 : Invalid condition id : UX_CORESTACK_Condition cause : null
2025-06-24 13:35:11,822 [INFO] LogOutputStream:77 - [STDOUT_REDIRECT] 1 : Invalid condition id : UX_CORESTACK_Condition cause : null
2025-06-24 13:35:11,823 [INFO] LogOutputStream:77 - [STDOUT_REDIRECT] 1 : Invalid condition id : UX_CORESTACK_Condition cause : null
2025-06-24 13:35:11,825 [WARN] PackLoader:240 - Cannot read IP mode file for STMicroelectronics.X-CUBE-AZRTOS-WL.2.0.0
2025-06-24 13:35:11,829 [WARN] PackLoader:240 - Cannot read IP mode file for STMicroelectronics.FP-SNS-MOTENV1.5.0.0
2025-06-24 13:35:11,836 [WARN] PackLoader:240 - Cannot read IP mode file for WES.I-CUBE-Cesium.1.3.0
2025-06-24 13:35:11,842 [WARN] PackLoader:240 - Cannot read IP mode file for STMicroelectronics.X-CUBE-BLE2.3.3.0
2025-06-24 13:35:11,846 [WARN] PackLoader:240 - Cannot read IP mode file for STMicroelectronics.X-CUBE-NFC9.1.0.0
2025-06-24 13:35:11,851 [WARN] PackLoader:240 - Cannot read IP mode file for wolfSSL.I-CUBE-wolfSSL.5.8.0
2025-06-24 13:35:11,856 [WARN] PackLoader:240 - Cannot read IP mode file for STMicroelectronics.X-CUBE-BLE1.7.1.0
2025-06-24 13:35:11,860 [WARN] PackLoader:240 - Cannot read IP mode file for wolfSSL.I-CUBE-wolfMQTT.1.19.2
2025-06-24 13:35:11,862 [WARN] PackLoader:240 - Cannot read IP mode file for STMicroelectronics.X-CUBE-AI.10.1.0
2025-06-24 13:35:11,891 [WARN] PackLoader:240 - Cannot read IP mode file for STMicroelectronics.X-CUBE-MEMS1.11.2.0
2025-06-24 13:35:12,027 [WARN] PackLoader:240 - Cannot read IP mode file for STMicroelectronics.X-CUBE-AZRTOS-G0.1.1.0
2025-06-24 13:35:12,041 [WARN] PackLoader:240 - Cannot read IP mode file for STMicroelectronics.X-CUBE-SAFEA1.1.2.2
2025-06-24 13:35:12,047 [WARN] PackLoader:240 - Cannot read IP mode file for STMicroelectronics.X-CUBE-NFC4.3.0.0
2025-06-24 13:35:12,053 [WARN] PackLoader:240 - Cannot read IP mode file for EmbeddedOffice.I-CUBE-FS-RTOS.1.0.1
2025-06-24 13:35:12,059 [WARN] PackLoader:240 - Cannot read IP mode file for STMicroelectronics.X-CUBE-WB05N.2.0.0
2025-06-24 13:35:12,063 [WARN] PackLoader:240 - Cannot read IP mode file for wolfSSL.I-CUBE-wolfTPM.3.8.0
2025-06-24 13:35:12,067 [WARN] PackLoader:240 - Cannot read IP mode file for STMicroelectronics.X-CUBE-TCPP.4.2.0
2025-06-24 13:35:12,071 [WARN] PackLoader:240 - Cannot read IP mode file for RealThread.X-CUBE-RT-Thread_Nano.4.1.1
2025-06-24 13:35:12,076 [WARN] PackLoader:240 - Cannot read IP mode file for STMicroelectronics.FP-ATR-SIGFOX1.3.2.0
2025-06-24 13:35:12,081 [WARN] PackLoader:240 - Cannot read IP mode file for STMicroelectronics.X-CUBE-EEPRMA1.5.1.0
2025-06-24 13:35:12,087 [WARN] PackLoader:240 - Cannot read IP mode file for ITTIA_DB.I-CUBE-ITTIADB.8.9.0
2025-06-24 13:35:12,093 [WARN] PackLoader:240 - Cannot read IP mode file for STMicroelectronics.X-CUBE-ST67W61.1.0.0
2025-06-24 13:35:12,115 [WARN] PackLoader:240 - Cannot read IP mode file for SEGGER.I-CUBE-embOS.1.3.1
2025-06-24 13:35:12,137 [WARN] PackLoader:240 - Cannot read IP mode file for STMicroelectronics.X-CUBE-ALGOBUILD.1.4.0
2025-06-24 13:35:12,165 [WARN] PackLoader:240 - Cannot read IP mode file for STMicroelectronics.X-CUBE-MEMS1.11.3.0
2025-06-24 13:35:12,236 [WARN] PackLoader:240 - Cannot read IP mode file for STMicroelectronics.X-CUBE-PM33A1.1.0.0
2025-06-24 13:35:12,247 [WARN] PackLoader:240 - Cannot read IP mode file for STMicroelectronics.X-CUBE-AZRTOS-F4.1.1.0
2025-06-24 13:35:12,252 [WARN] PackLoader:240 - Cannot read IP mode file for Avnet-IotConnect.X-CUBE-IoTC-DA16k-PMOD.1.0.0
2025-06-24 13:35:12,255 [WARN] PackLoader:240 - Cannot read IP mode file for STMicroelectronics.X-CUBE-ISPU.2.1.0
2025-06-24 13:35:12,266 [WARN] PackLoader:240 - Cannot read IP mode file for STMicroelectronics.X-CUBE-AZRTOS-L5.2.0.0
2025-06-24 13:35:12,275 [WARN] PackLoader:240 - Cannot read IP mode file for STMicroelectronics.X-CUBE-NFC6.3.1.0
2025-06-24 13:35:12,281 [WARN] PackLoader:240 - Cannot read IP mode file for STMicroelectronics.X-CUBE-FREERTOS.1.3.1
2025-06-24 13:35:12,285 [WARN] PackLoader:240 - Cannot read IP mode file for STMicroelectronics.X-CUBE-DPower.1.3.0
2025-06-24 13:35:12,297 [WARN] ConditionMgr:438 - getConditionDescription Invalid condition id : LAN8742 Phy interface Condition cause : null
2025-06-24 13:35:12,297 [WARN] PackLoader:240 - Cannot read IP mode file for STMicroelectronics.X-CUBE-AZRTOS-L4.2.0.0
2025-06-24 13:35:12,299 [WARN] ConditionMgr:1044 - genDependencies : Invalid condition id : LAN8742 Phy interface Condition cause : null
2025-06-24 13:35:12,299 [WARN] ConditionMgr:1044 - genDependencies : Invalid condition id : LAN8742 Phy interface Condition cause : null
2025-06-24 13:35:12,300 [WARN] ConditionMgr:1044 - genDependencies : Invalid condition id : LAN8742 Phy interface Condition cause : null
2025-06-24 13:35:12,304 [WARN] PackLoader:240 - Cannot read IP mode file for STMicroelectronics.X-CUBE-SFXS2LP1.4.0.0
2025-06-24 13:35:12,327 [WARN] PackLoader:240 - Cannot read IP mode file for STMicroelectronics.X-CUBE-AZRTOS-H7.3.3.0
2025-06-24 13:35:12,334 [WARN] ConditionMgr:438 - getConditionDescription Invalid condition id : UX DEVICE CLASS RTOS Condition cause : null
2025-06-24 13:35:12,335 [WARN] ConditionMgr:438 - getConditionDescription Invalid condition id : UX DEVICE CLASS RTOS Condition cause : null
2025-06-24 13:35:12,335 [WARN] PackLoader:240 - Cannot read IP mode file for STMicroelectronics.X-CUBE-AZRTOS-WB.2.0.0
2025-06-24 13:35:12,335 [WARN] ConditionMgr:1044 - genDependencies : Invalid condition id : UX DEVICE CLASS RTOS Condition cause : null
2025-06-24 13:35:12,335 [WARN] ConditionMgr:1044 - genDependencies : Invalid condition id : UX DEVICE CLASS RTOS Condition cause : null
2025-06-24 13:35:12,335 [WARN] ConditionMgr:1044 - genDependencies : Invalid condition id : UX DEVICE CLASS RTOS Condition cause : null
2025-06-24 13:35:12,335 [WARN] ConditionMgr:1044 - genDependencies : Invalid condition id : UX DEVICE CLASS RTOS Condition cause : null
2025-06-24 13:35:12,335 [WARN] ConditionMgr:1044 - genDependencies : Invalid condition id : UX DEVICE CLASS RTOS Condition cause : null
2025-06-24 13:35:12,343 [WARN] PackLoader:240 - Cannot read IP mode file for STMicroelectronics.X-CUBE-GNSS1.7.0.1
2025-06-24 13:35:12,347 [WARN] PackLoader:240 - Cannot read IP mode file for STMicroelectronics.X-CUBE-TOUCHGFX.4.25.0
2025-06-24 13:35:12,351 [WARN] PackLoader:240 - Cannot read IP mode file for STMicroelectronics.FP-SNS-STBOX1.2.0.0
2025-06-24 13:35:12,360 [WARN] PackLoader:240 - Cannot read IP mode file for STMicroelectronics.X-CUBE-SUBG2.5.0.0
2025-06-24 13:35:12,378 [WARN] PackLoader:240 - Cannot read IP mode file for STMicroelectronics.X-CUBE-AZRTOS-H7RS.1.1.0
2025-06-24 13:35:12,386 [WARN] PackLoader:240 - Cannot read IP mode file for Cesanta.I-CUBE-Mongoose.7.13.0
2025-06-24 13:35:12,398 [WARN] PackLoader:240 - Cannot read IP mode file for STMicroelectronics.X-CUBE-AZRTOS-G4.2.0.0
2025-06-24 13:35:12,404 [WARN] PackLoader:240 - Cannot read IP mode file for wolfSSL.I-CUBE-wolfSSH.1.4.20
2025-06-24 13:35:12,410 [WARN] PackLoader:240 - Cannot read IP mode file for STMicroelectronics.X-CUBE-NFC7.2.0.0
2025-06-24 13:35:12,429 [WARN] PackLoader:240 - Cannot read IP mode file for STMicroelectronics.X-CUBE-IPS.3.1.0
2025-06-24 13:35:12,439 [WARN] PackLoader:240 - Cannot read IP mode file for STMicroelectronics.X-CUBE-ALS.1.0.2
2025-06-24 13:35:12,444 [WARN] PackLoader:240 - Cannot read IP mode file for portGmbH.I-Cube-SoM-uGOAL.1.1.0
2025-06-24 13:35:12,453 [WARN] PackLoader:240 - Cannot read IP mode file for STMicroelectronics.X-CUBE-TOF1.3.4.3
2025-06-24 13:35:12,460 [INFO] ThirdParty:978 - Integrity check success = true
2025-06-24 13:35:12,460 [INFO] IntegrityCheckThread:100 - exiting critical section [integrity check]
2025-06-24 13:35:12,460 [INFO] IntegrityCheckThread:103 - End integrity checks thread
2025-06-24 13:37:53,422 [ERROR] LogOutputStream:75 - [STDERR_REDIRECT] 
2025-06-24 13:37:53,424 [ERROR] LogOutputStream:75 - [STDERR_REDIRECT] 
2025-06-24 13:38:04,546 [INFO] Activator:176 - 


2025-06-24 13:38:04,548 [INFO] Activator:177 - !SESSION log4j initialized
2025-06-24 13:38:07,252 [INFO] LogOutputStream:77 - [STDOUT_REDIRECT] 
